This is pdfTeX, Version 3.141592653-2.6-1.40.28 (MiKTeX 25.12) (preloaded format=pdflatex 2026.6.17)  20 JUN 2026 15:14
entering extended mode
 restricted \write18 enabled.
 %&-line parsing enabled.
**./response_to_reviewers.tex
(response_to_reviewers.tex
LaTeX2e <2025-11-01>
L3 programming layer <2025-12-24>
(C:\Users\abhis\AppData\Local\Programs\MiKTeX\tex/latex/base\article.cls
Document Class: article 2025/01/22 v1.4n Standard LaTeX document class
(C:\Users\abhis\AppData\Local\Programs\MiKTeX\tex/latex/base\size11.clo
File: size11.clo 2025/01/22 v1.4n Standard LaTeX file (size option)
)
\c@part=\count275
\c@section=\count276
\c@subsection=\count277
\c@subsubsection=\count278
\c@paragraph=\count279
\c@subparagraph=\count280
\c@figure=\count281
\c@table=\count282
\abovecaptionskip=\skip49
\belowcaptionskip=\skip50
\bibindent=\dimen148
)
(C:\Users\abhis\AppData\Local\Programs\MiKTeX\tex/latex/geometry\geometry.sty
Package: geometry 2026/03/07 v6.0 Page Geometry

(C:\Users\abhis\AppData\Local\Programs\MiKTeX\tex/latex/graphics\keyval.sty
Package: keyval 2022/05/29 v1.15 key=value parser (DPC)
\KV@toks@=\toks17
)
(C:\Users\abhis\AppData\Local\Programs\MiKTeX\tex/generic/iftex\ifvtex.sty
Package: ifvtex 2019/10/25 v1.7 ifvtex legacy package. Use iftex instead.

(C:\Users\abhis\AppData\Local\Programs\MiKTeX\tex/generic/iftex\iftex.sty
Package: iftex 2024/12/12 v1.0g TeX engine tests
))
\Gm@cnth=\count283
\Gm@cntv=\count284
\c@Gm@tempcnt=\count285
\Gm@bindingoffset=\dimen149
\Gm@wd@mp=\dimen150
\Gm@odd@mp=\dimen151
\Gm@even@mp=\dimen152
\Gm@layoutwidth=\dimen153
\Gm@layoutheight=\dimen154
\Gm@layouthoffset=\dimen155
\Gm@layoutvoffset=\dimen156
\Gm@dimlist=\toks18

(C:\Users\abhis\AppData\Local\Programs\MiKTeX\tex/latex/geometry\geometry.cfg))
(C:\Users\abhis\AppData\Local\Programs\MiKTeX\tex/latex/booktabs\booktabs.sty
Package: booktabs 2020/01/12 v1.61803398 Publication quality tables
\heavyrulewidth=\dimen157
\lightrulewidth=\dimen158
\cmidrulewidth=\dimen159
\belowrulesep=\dimen160
\belowbottomsep=\dimen161
\aboverulesep=\dimen162
\abovetopsep=\dimen163
\cmidrulesep=\dimen164
\cmidrulekern=\dimen165
\defaultaddspace=\dimen166
\@cmidla=\count286
\@cmidlb=\count287
\@aboverulesep=\dimen167
\@belowrulesep=\dimen168
\@thisruleclass=\count288
\@lastruleclass=\count289
\@thisrulewidth=\dimen169
)
(C:\Users\abhis\AppData\Local\Programs\MiKTeX\tex/latex/tools\array.sty
Package: array 2025/09/25 v2.6n Tabular extension package (FMi)
\col@sep=\dimen170
\ar@mcellbox=\box53
\extrarowheight=\dimen171
\NC@list=\toks19
\extratabsurround=\skip51
\backup@length=\skip52
\ar@cellbox=\box54
)
(C:\Users\abhis\AppData\Local\Programs\MiKTeX\tex/latex/tools\longtable.sty
Package: longtable 2025-10-13 v4.24 Multi-page Table package (DPC)
\LTleft=\skip53
\LTright=\skip54
\LTpre=\skip55
\LTpost=\skip56
\LTchunksize=\count290
\LTcapwidth=\dimen172
\LT@head=\box55
\LT@firsthead=\box56
\LT@foot=\box57
\LT@lastfoot=\box58
\LT@gbox=\box59
\LT@cols=\count291
\LT@rows=\count292
\c@LT@tables=\count293
\c@LT@chunks=\count294
\LT@p@ftn=\toks20
)
(C:\Users\abhis\AppData\Local\Programs\MiKTeX\tex/latex/enumitem\enumitem.sty
Package: enumitem 2025/02/06 v3.11 Customized lists
\labelindent=\skip57
\enit@outerparindent=\dimen173
\enit@toks=\toks21
\enit@inbox=\box60
\enit@count@id=\count295
\enitdp@description=\count296
)
(C:\Users\abhis\AppData\Local\Programs\MiKTeX\tex/latex/xcolor\xcolor.sty
Package: xcolor 2024/09/29 v3.02 LaTeX color extensions (UK)

(C:\Users\abhis\AppData\Local\Programs\MiKTeX\tex/latex/graphics-cfg\color.cfg
File: color.cfg 2016/01/02 v1.6 sample color configuration
)
Package xcolor Info: Driver file: pdftex.def on input line 274.

(C:\Users\abhis\AppData\Local\Programs\MiKTeX\tex/latex/graphics-def\pdftex.def
File: pdftex.def 2025/09/29 v1.2d Graphics/color driver for pdftex
)
(C:\Users\abhis\AppData\Local\Programs\MiKTeX\tex/latex/graphics\mathcolor.ltx)
Package xcolor Info: Model `cmy' substituted by `cmy0' on input line 1349.
Package xcolor Info: Model `hsb' substituted by `rgb' on input line 1353.
Package xcolor Info: Model `RGB' extended on input line 1365.
Package xcolor Info: Model `HTML' substituted by `rgb' on input line 1367.
Package xcolor Info: Model `Hsb' substituted by `hsb' on input line 1368.
Package xcolor Info: Model `tHsb' substituted by `hsb' on input line 1369.
Package xcolor Info: Model `HSB' substituted by `hsb' on input line 1370.
Package xcolor Info: Model `Gray' substituted by `gray' on input line 1371.
Package xcolor Info: Model `wave' substituted by `hsb' on input line 1372.
) (C:\Users\abhis\AppData\Local\Programs\MiKTeX\tex/latex/hyperref\hyperref.sty
Package: hyperref 2025-07-12 v7.01o Hypertext links for LaTeX

(C:\Users\abhis\AppData\Local\Programs\MiKTeX\tex/latex/kvsetkeys\kvsetkeys.sty
Package: kvsetkeys 2022-10-05 v1.19 Key value parser (HO)
)
(C:\Users\abhis\AppData\Local\Programs\MiKTeX\tex/generic/kvdefinekeys\kvdefine
keys.sty
Package: kvdefinekeys 2019-12-19 v1.6 Define keys (HO)
)
(C:\Users\abhis\AppData\Local\Programs\MiKTeX\tex/generic/pdfescape\pdfescape.s
ty
Package: pdfescape 2019/12/09 v1.15 Implements pdfTeX's escape features (HO)

(C:\Users\abhis\AppData\Local\Programs\MiKTeX\tex/generic/ltxcmds\ltxcmds.sty
Package: ltxcmds 2023-12-04 v1.26 LaTeX kernel commands for general use (HO)
)
(C:\Users\abhis\AppData\Local\Programs\MiKTeX\tex/generic/pdftexcmds\pdftexcmds
.sty
Package: pdftexcmds 2020-06-27 v0.33 Utility functions of pdfTeX for LuaTeX (HO
)

(C:\Users\abhis\AppData\Local\Programs\MiKTeX\tex/generic/infwarerr\infwarerr.s
ty
Package: infwarerr 2019/12/03 v1.5 Providing info/warning/error messages (HO)
)
Package pdftexcmds Info: \pdf@primitive is available.
Package pdftexcmds Info: \pdf@ifprimitive is available.
Package pdftexcmds Info: \pdfdraftmode found.
))
(C:\Users\abhis\AppData\Local\Programs\MiKTeX\tex/latex/hycolor\hycolor.sty
Package: hycolor 2020-01-27 v1.10 Color options for hyperref/bookmark (HO)
)
(C:\Users\abhis\AppData\Local\Programs\MiKTeX\tex/latex/hyperref\nameref.sty
Package: nameref 2025-06-21 v2.57 Cross-referencing by name of section

(C:\Users\abhis\AppData\Local\Programs\MiKTeX\tex/latex/refcount\refcount.sty
Package: refcount 2019/12/15 v3.6 Data extraction from label references (HO)
)
(C:\Users\abhis\AppData\Local\Programs\MiKTeX\tex/generic/gettitlestring\gettit
lestring.sty
Package: gettitlestring 2019/12/15 v1.6 Cleanup title references (HO)

(C:\Users\abhis\AppData\Local\Programs\MiKTeX\tex/latex/kvoptions\kvoptions.sty
Package: kvoptions 2022-06-15 v3.15 Key value format for package options (HO)
))
\c@section@level=\count297
)
(C:\Users\abhis\AppData\Local\Programs\MiKTeX\tex/latex/etoolbox\etoolbox.sty
Package: etoolbox 2025/10/02 v2.5m e-TeX tools for LaTeX (JAW)
\etb@tempcnta=\count298
)
(C:\Users\abhis\AppData\Local\Programs\MiKTeX\tex/generic/stringenc\stringenc.s
ty
Package: stringenc 2019/11/29 v1.12 Convert strings between diff. encodings (HO
)
)
\@linkdim=\dimen174
\Hy@linkcounter=\count299
\Hy@pagecounter=\count300
 (C:\Users\abhis\AppData\Local\Programs\MiKTeX\tex/latex/hyperref\pd1enc.def
File: pd1enc.def 2025-07-12 v7.01o Hyperref: PDFDocEncoding definition (HO)
Now handling font encoding PD1 ...
... no UTF-8 mapping file for font encoding PD1
) (C:\Users\abhis\AppData\Local\Programs\MiKTeX\tex/generic/intcalc\intcalc.sty
Package: intcalc 2019/12/15 v1.3 Expandable calculations with integers (HO)
)
\Hy@SavedSpaceFactor=\count301
 (C:\Users\abhis\AppData\Local\Programs\MiKTeX\tex/latex/hyperref\puenc.def
File: puenc.def 2025-07-12 v7.01o Hyperref: PDF Unicode definition (HO)
Now handling font encoding PU ...
... no UTF-8 mapping file for font encoding PU
)
Package hyperref Info: Hyper figures OFF on input line 4195.
Package hyperref Info: Link nesting OFF on input line 4200.
Package hyperref Info: Hyper index ON on input line 4203.
Package hyperref Info: Plain pages OFF on input line 4210.
Package hyperref Info: Backreferencing OFF on input line 4215.
Package hyperref Info: Implicit mode ON; LaTeX internals redefined.
Package hyperref Info: Bookmarks ON on input line 4462.
\c@Hy@tempcnt=\count302

(C:\Users\abhis\AppData\Local\Programs\MiKTeX\tex/latex/url\url.sty
\Urlmuskip=\muskip17
Package: url 2013/09/16  ver 3.4  Verb mode for urls, etc.
)
LaTeX Info: Redefining \url on input line 4801.
\XeTeXLinkMargin=\dimen175

(C:\Users\abhis\AppData\Local\Programs\MiKTeX\tex/generic/bitset\bitset.sty
Package: bitset 2019/12/09 v1.3 Handle bit-vector datatype (HO)

(C:\Users\abhis\AppData\Local\Programs\MiKTeX\tex/generic/bigintcalc\bigintcalc
.sty
Package: bigintcalc 2019/12/15 v1.5 Expandable calculations on big integers (HO
)
))
\Fld@menulength=\count303
\Field@Width=\dimen176
\Fld@charsize=\dimen177
Package hyperref Info: Hyper figures OFF on input line 6078.
Package hyperref Info: Link nesting OFF on input line 6083.
Package hyperref Info: Hyper index ON on input line 6086.
Package hyperref Info: backreferencing OFF on input line 6093.
Package hyperref Info: Link coloring OFF on input line 6098.
Package hyperref Info: Link coloring with OCG OFF on input line 6103.
Package hyperref Info: PDF/A mode OFF on input line 6108.
\Hy@abspage=\count304
\c@Item=\count305
\c@Hfootnote=\count306
)
Package hyperref Info: Driver (autodetected): hpdftex.

(C:\Users\abhis\AppData\Local\Programs\MiKTeX\tex/latex/hyperref\hpdftex.def
File: hpdftex.def 2025-07-12 v7.01o Hyperref driver for pdfTeX
\Fld@listcount=\count307
\c@bookmark@seq@number=\count308

(C:\Users\abhis\AppData\Local\Programs\MiKTeX\tex/latex/rerunfilecheck\rerunfil
echeck.sty
Package: rerunfilecheck 2025-06-21 v1.11 Rerun checks for auxiliary files (HO)

(C:\Users\abhis\AppData\Local\Programs\MiKTeX\tex/generic/uniquecounter\uniquec
ounter.sty
Package: uniquecounter 2019/12/15 v1.4 Provide unlimited unique counter (HO)
)
Package uniquecounter Info: New unique counter `rerunfilecheck' on input line 2
84.
)
\Hy@SectionHShift=\skip58
)
(C:\Users\abhis\AppData\Local\Programs\MiKTeX\tex/latex/amsmath\amsmath.sty
Package: amsmath 2025/07/09 v2.17z AMS math features
\@mathmargin=\skip59

For additional information on amsmath, use the `?' option.
(C:\Users\abhis\AppData\Local\Programs\MiKTeX\tex/latex/amsmath\amstext.sty
Package: amstext 2024/11/17 v2.01 AMS text

(C:\Users\abhis\AppData\Local\Programs\MiKTeX\tex/latex/amsmath\amsgen.sty
File: amsgen.sty 1999/11/30 v2.0 generic functions
\@emptytoks=\toks22
\ex@=\dimen178
))
(C:\Users\abhis\AppData\Local\Programs\MiKTeX\tex/latex/amsmath\amsbsy.sty
Package: amsbsy 1999/11/29 v1.2d Bold Symbols
\pmbraise@=\dimen179
)
(C:\Users\abhis\AppData\Local\Programs\MiKTeX\tex/latex/amsmath\amsopn.sty
Package: amsopn 2022/04/08 v2.04 operator names
)
\inf@bad=\count309
LaTeX Info: Redefining \frac on input line 233.
\uproot@=\count310
\leftroot@=\count311
LaTeX Info: Redefining \overline on input line 398.
LaTeX Info: Redefining \colon on input line 409.
\classnum@=\count312
\DOTSCASE@=\count313
LaTeX Info: Redefining \ldots on input line 495.
LaTeX Info: Redefining \dots on input line 498.
LaTeX Info: Redefining \cdots on input line 619.
\Mathstrutbox@=\box61
\strutbox@=\box62
LaTeX Info: Redefining \big on input line 721.
LaTeX Info: Redefining \Big on input line 722.
LaTeX Info: Redefining \bigg on input line 723.
LaTeX Info: Redefining \Bigg on input line 724.
\big@size=\dimen180
LaTeX Font Info:    Redeclaring font encoding OML on input line 742.
LaTeX Font Info:    Redeclaring font encoding OMS on input line 743.
\macc@depth=\count314
LaTeX Info: Redefining \bmod on input line 904.
LaTeX Info: Redefining \pmod on input line 909.
LaTeX Info: Redefining \smash on input line 939.
LaTeX Info: Redefining \relbar on input line 969.
LaTeX Info: Redefining \Relbar on input line 970.
\c@MaxMatrixCols=\count315
\dotsspace@=\muskip18
\c@parentequation=\count316
\dspbrk@lvl=\count317
\tag@help=\toks23
\row@=\count318
\column@=\count319
\maxfields@=\count320
\andhelp@=\toks24
\eqnshift@=\dimen181
\alignsep@=\dimen182
\tagshift@=\dimen183
\tagwidth@=\dimen184
\totwidth@=\dimen185
\lineht@=\dimen186
\@envbody=\toks25
\multlinegap=\skip60
\multlinetaggap=\skip61
\mathdisplay@stack=\toks26
LaTeX Info: Redefining \[ on input line 2950.
LaTeX Info: Redefining \] on input line 2951.
)
(C:\Users\abhis\AppData\Local\Programs\MiKTeX\tex/latex/amsfonts\amssymb.sty
Package: amssymb 2013/01/14 v3.01 AMS font symbols

(C:\Users\abhis\AppData\Local\Programs\MiKTeX\tex/latex/amsfonts\amsfonts.sty
Package: amsfonts 2013/01/14 v3.01 Basic AMSFonts support
\symAMSa=\mathgroup4
\symAMSb=\mathgroup5
LaTeX Font Info:    Redeclaring math symbol \hbar on input line 98.
LaTeX Font Info:    Overwriting math alphabet `\mathfrak' in version `bold'
(Font)                  U/euf/m/n --> U/euf/b/n on input line 106.
)) (C:\Users\abhis\AppData\Local\Programs\MiKTeX\tex/latex/tools\tabularx.sty
Package: tabularx 2023/12/11 v2.12a `tabularx' package (DPC)
\TX@col@width=\dimen187
\TX@old@table=\dimen188
\TX@old@col=\dimen189
\TX@target=\dimen190
\TX@delta=\dimen191
\TX@cols=\count321
\TX@ftn=\toks27
)
(C:\Users\abhis\AppData\Local\Programs\MiKTeX\tex/latex/l3backend\l3backend-pdf
tex.def
File: l3backend-pdftex.def 2025-10-09 L3 backend support: PDF output (pdfTeX)
\l__color_backend_stack_int=\count322
) (response_to_reviewers.aux)
\openout1 = `response_to_reviewers.aux'.

LaTeX Font Info:    Checking defaults for OML/cmm/m/it on input line 19.
LaTeX Font Info:    ... okay on input line 19.
LaTeX Font Info:    Checking defaults for OMS/cmsy/m/n on input line 19.
LaTeX Font Info:    ... okay on input line 19.
LaTeX Font Info:    Checking defaults for OT1/cmr/m/n on input line 19.
LaTeX Font Info:    ... okay on input line 19.
LaTeX Font Info:    Checking defaults for T1/cmr/m/n on input line 19.
LaTeX Font Info:    ... okay on input line 19.
LaTeX Font Info:    Checking defaults for TS1/cmr/m/n on input line 19.
LaTeX Font Info:    ... okay on input line 19.
LaTeX Font Info:    Checking defaults for OMX/cmex/m/n on input line 19.
LaTeX Font Info:    ... okay on input line 19.
LaTeX Font Info:    Checking defaults for U/cmr/m/n on input line 19.
LaTeX Font Info:    ... okay on input line 19.
LaTeX Font Info:    Checking defaults for PD1/pdf/m/n on input line 19.
LaTeX Font Info:    ... okay on input line 19.
LaTeX Font Info:    Checking defaults for PU/pdf/m/n on input line 19.
LaTeX Font Info:    ... okay on input line 19.

*geometry* driver: auto-detecting
*geometry* detected driver: pdftex
*geometry* verbose mode - [ preamble ] result:
* driver: pdftex
* paper: a4paper
* layout: <same size as paper>
* layoutoffset:(h,v)=(0.0pt,0.0pt)
* modes: 
* h-part:(L,W,R)=(54.2025pt, 489.10287pt, 54.2025pt)
* v-part:(T,H,B)=(54.2025pt, 736.64185pt, 54.2025pt)
* \paperwidth=597.50787pt
* \paperheight=845.04684pt
* \textwidth=489.10287pt
* \textheight=736.64185pt
* \oddsidemargin=-18.06749pt
* \evensidemargin=-18.06749pt
* \topmargin=-55.06749pt
* \headheight=12.0pt
* \headsep=25.0pt
* \topskip=11.0pt
* \footskip=30.0pt
* \marginparwidth=50.0pt
* \marginparsep=10.0pt
* \columnsep=10.0pt
* \skip\footins=10.0pt plus 4.0pt minus 2.0pt
* \hoffset=0.0pt
* \voffset=0.0pt
* \mag=1000
* \@twocolumnfalse
* \@twosidefalse
* \@mparswitchfalse
* \@reversemarginfalse
* (1in=72.27pt=25.4mm, 1cm=28.453pt)


(C:\Users\abhis\AppData\Local\Programs\MiKTeX\tex/context/base/mkii\supp-pdf.mk
ii
[Loading MPS to PDF converter (version 2006.09.02).]
\scratchcounter=\count323
\scratchdimen=\dimen192
\scratchbox=\box63
\nofMPsegments=\count324
\nofMParguments=\count325
\everyMPshowfont=\toks28
\MPscratchCnt=\count326
\MPscratchDim=\dimen193
\MPnumerator=\count327
\makeMPintoPDFobject=\count328
\everyMPtoPDFconversion=\toks29
)
Package hyperref Info: Link coloring OFF on input line 19.
 (response_to_reviewers.out) (response_to_reviewers.out)
\@outlinefile=\write3
\openout3 = `response_to_reviewers.out'.


Overfull \hbox (11.01355pt too wide) in paragraph at lines 37--37
[]|\OT1/cmr/bx/n/10.95 Comment
 []


Underfull \hbox (badness 10000) in paragraph at lines 37--37
[]|\OT1/cmr/bx/n/10.95 Reviewer Com-
 []


Underfull \hbox (badness 10000) in paragraph at lines 37--38
[]|\OT1/cmr/bx/n/10.95 Location
 []


Underfull \hbox (badness 10000) in paragraph at lines 37--38
\OT1/cmr/bx/n/10.95 in Re-vised
 []


Overfull \hbox (11.01355pt too wide) in paragraph at lines 41--41
[]|\OT1/cmr/bx/n/10.95 Comment
 []


Underfull \hbox (badness 10000) in paragraph at lines 41--41
[]|\OT1/cmr/bx/n/10.95 Reviewer Com-
 []


Underfull \hbox (badness 10000) in paragraph at lines 41--42
[]|\OT1/cmr/bx/n/10.95 Location
 []


Underfull \hbox (badness 10000) in paragraph at lines 41--42
\OT1/cmr/bx/n/10.95 in Re-vised
 []


Underfull \hbox (badness 10000) in paragraph at lines 45--45
[]|\OT1/cmr/m/n/10.95 Please pro-vide
 []


Underfull \hbox (badness 10000) in paragraph at lines 45--45
\OT1/cmr/m/n/10.95 stronger ev-i-dence
 []


Underfull \hbox (badness 10000) in paragraph at lines 45--45
\OT1/cmr/m/n/10.95 demon-strat-ing the
 []


Underfull \hbox (badness 10000) in paragraph at lines 45--45
\OT1/cmr/m/n/10.95 ad-van-tage of the
 []


Underfull \hbox (badness 10000) in paragraph at lines 45--45
\OT1/cmr/m/n/10.95 pro-posed model
 []


Underfull \hbox (badness 10000) in paragraph at lines 45--45
\OT1/cmr/m/n/10.95 over the Lin-ear
 []

LaTeX Font Info:    Trying to load font information for U+msa on input line 45.

(C:\Users\abhis\AppData\Local\Programs\MiKTeX\tex/latex/amsfonts\umsa.fd
File: umsa.fd 2013/01/14 v3.01 AMS symbols A
)
LaTeX Font Info:    Trying to load font information for U+msb on input line 45.


(C:\Users\abhis\AppData\Local\Programs\MiKTeX\tex/latex/amsfonts\umsb.fd
File: umsb.fd 2013/01/14 v3.01 AMS symbols B
)
Underfull \hbox (badness 1515) in paragraph at lines 45--45
\OT1/cmr/m/n/10.95 sig-nif-i-cance test-ing. The re-vised
 []


Underfull \hbox (badness 1147) in paragraph at lines 45--45
\OT1/cmr/m/n/10.95 vs. LR 0.006333; $\OML/cmm/m/it/10.95 R[]$ \OT1/cmr/m/n/10.9
5 = 0.984295
 []


Underfull \hbox (badness 4108) in paragraph at lines 45--45
\OT1/cmr/m/n/10.95 ual de-com-po-si-tion that pre-serves
 []


Underfull \hbox (badness 10000) in paragraph at lines 45--46
[]|\OT1/cmr/m/n/10.95 Abstract, Sec-
 []


Underfull \hbox (badness 10000) in paragraph at lines 45--46
\OT1/cmr/m/n/10.95 tion VIII-H,
 []


Underfull \hbox (badness 6792) in paragraph at lines 48--48
[]|\OT1/cmr/m/n/10.95 No sta-tis-ti-cal ev-i-
 []


Underfull \hbox (badness 3049) in paragraph at lines 48--48
\OT1/cmr/m/n/10.95 dence for the one
 []


Underfull \hbox (badness 10000) in paragraph at lines 48--48
\OT1/cmr/m/n/10.95 claimed ben-e-fit.
 []


Underfull \hbox (badness 5189) in paragraph at lines 48--48
\OT1/cmr/m/n/10.95 Re-port how many
 []


Underfull \hbox (badness 6625) in paragraph at lines 48--48
\OT1/cmr/m/n/10.95 test points sat-isfy
 []


Underfull \hbox (badness 4341) in paragraph at lines 48--48
\OT1/cmr/m/n/10.95 con-fi-dence in-ter-vals
 []


Underfull \hbox (badness 10000) in paragraph at lines 48--48
\OT1/cmr/m/n/10.95 or multiple-seed
 []


Underfull \hbox (badness 5771) in paragraph at lines 48--48
\OT1/cmr/m/n/10.95 vari-ance, and run
 []


Underfull \hbox (badness 6792) in paragraph at lines 48--48
\OT1/cmr/m/n/10.95 a sig-nif-i-cance test
 []


Underfull \hbox (badness 10000) in paragraph at lines 48--48
\OT1/cmr/m/n/10.95 (e.g., Diebold-
 []


Underfull \hbox (badness 10000) in paragraph at lines 48--48
\OT1/cmr/m/n/10.95 Mariano) for the
 []


Underfull \hbox (badness 1527) in paragraph at lines 48--48
\OT1/cmr/m/n/10.95 LR-vs-proposed dif-
 []


Underfull \hbox (badness 1348) in paragraph at lines 48--48
\OT1/cmr/m/n/10.95 with-out un-cer-tainty
 []


Underfull \hbox (badness 10000) in paragraph at lines 48--48
\OT1/cmr/m/n/10.95 quan-tifi-ca-tion can-
 []


Underfull \hbox (badness 10000) in paragraph at lines 48--48
\OT1/cmr/m/n/10.95 not sup-port the
 []


Underfull \hbox (badness 7869) in paragraph at lines 48--48
[]|\OT1/cmr/m/n/10.95 Addressed com-pre-hen-sively: (1)
 []


Underfull \hbox (badness 10000) in paragraph at lines 48--49
[]|\OT1/cmr/m/n/10.95 Section VI-C,
 []


Underfull \hbox (badness 10000) in paragraph at lines 48--49
\OT1/cmr/m/n/10.95 VI-D, VI-E,
 []


Underfull \hbox (badness 10000) in paragraph at lines 51--51
\OT1/cmr/m/n/10.95 are un-ex-plained
 []


Underfull \hbox (badness 2478) in paragraph at lines 51--51
\OT1/cmr/m/n/10.95 and im-plau-si-ble as
 []


Underfull \hbox (badness 10000) in paragraph at lines 51--51
\OT1/cmr/m/n/10.95 re-ported. Ta-ble
 []


Underfull \hbox (badness 2409) in paragraph at lines 51--51
\OT1/cmr/m/n/10.95 8 shows an ``op-ti-
 []


Underfull \hbox (badness 10000) in paragraph at lines 51--51
\OT1/cmr/m/n/10.95 these 15-minute
 []


Underfull \hbox (badness 10000) in paragraph at lines 51--51
\OT1/cmr/m/n/10.95 streams are pro-
 []


Underfull \hbox (badness 10000) in paragraph at lines 51--51
\OT1/cmr/m/n/10.95 op-ti-mized against
 []


Underfull \hbox (badness 2460) in paragraph at lines 51--51
\OT1/cmr/m/n/10.95 what, and con-firm
 []


Underfull \hbox (badness 1400) in paragraph at lines 51--51
\OT1/cmr/m/n/10.95 there is no use of
 []


Underfull \hbox (badness 10000) in paragraph at lines 51--51
\OT1/cmr/m/n/10.95 test-period tar-gets.
 []


Underfull \hbox (badness 4967) in paragraph at lines 51--51
\OT1/cmr/m/n/10.95 If this can-not be
 []


Underfull \hbox (badness 1122) in paragraph at lines 51--51
[]|\OT1/cmr/m/n/10.95 We agree this was con-fus-ing and
 []


Underfull \hbox (badness 10000) in paragraph at lines 51--52
[]|\OT1/cmr/m/n/10.95 Former Ta-ble
 []


Underfull \hbox (badness 10000) in paragraph at lines 51--52
\OT1/cmr/m/n/10.95 8 re-moved;
 []


Underfull \hbox (badness 10000) in paragraph at lines 51--52
\OT1/cmr/m/n/10.95 Sec-tion VI
 []


Underfull \hbox (badness 10000) in paragraph at lines 54--54
[]|\OT1/cmr/m/n/10.95 The blockchain
 []


Underfull \hbox (badness 10000) in paragraph at lines 54--54
\OT1/cmr/m/n/10.95 layer is de-scribed
 []


Underfull \hbox (badness 3271) in paragraph at lines 54--54
\OT1/cmr/m/n/10.95 but not eval-u-ated.
 []


Underfull \hbox (badness 10000) in paragraph at lines 54--54
\OT1/cmr/m/n/10.95 Ei-ther pro-vide a
 []


Underfull \hbox (badness 10000) in paragraph at lines 54--54
\OT1/cmr/m/n/10.95 con-crete pro-to-type
 []


Underfull \hbox (badness 1635) in paragraph at lines 54--54
\OT1/cmr/m/n/10.95 a lo-cal EVM test-
 []


Underfull \hbox (badness 2495) in paragraph at lines 54--54
\OT1/cmr/m/n/10.95 net with mea-sured
 []


Underfull \hbox (badness 2269) in paragraph at lines 54--54
\OT1/cmr/m/n/10.95 gas/latency) or re-
 []


Underfull \hbox (badness 10000) in paragraph at lines 54--54
\OT1/cmr/m/n/10.95 ar-chi-tec-ture and
 []


Underfull \hbox (badness 4954) in paragraph at lines 54--54
\OT1/cmr/m/n/10.95 tem-per the claims
 []


Underfull \hbox (badness 1478) in paragraph at lines 54--54
[]|\OT1/cmr/m/n/10.95 We have im-ple-mented and eval-u-
 []


Underfull \hbox (badness 1005) in paragraph at lines 54--54
\OT1/cmr/m/n/10.95 lid-ity pro-to-type on a lo-cal Hard-
 []


Underfull \hbox (badness 10000) in paragraph at lines 54--55
[]|\OT1/cmr/m/n/10.95 Section VII-G
 []


Underfull \hbox (badness 10000) in paragraph at lines 54--55
\OT1/cmr/m/n/10.95 (new), Ta-bles
 []


Underfull \hbox (badness 10000) in paragraph at lines 57--57
[]|\OT1/cmr/m/n/10.95 The Pre-dic-tive
 []


Underfull \hbox (badness 10000) in paragraph at lines 57--57
\OT1/cmr/m/n/10.95 Green Score is
 []


Underfull \hbox (badness 1838) in paragraph at lines 57--57
\OT1/cmr/m/n/10.95 not de-fined. The
 []


Underfull \hbox (badness 10000) in paragraph at lines 57--57
\OT1/cmr/m/n/10.95 in-tro de-scribes a
 []


Underfull \hbox (badness 5548) in paragraph at lines 57--57
\OT1/cmr/m/n/10.95 used as a smart-
 []


Underfull \hbox (badness 10000) in paragraph at lines 57--57
\OT1/cmr/m/n/10.95 contract thresh-old;
 []


Underfull \hbox (badness 2698) in paragraph at lines 57--57
\OT1/cmr/m/n/10.95 Sec-tion III uses a
 []


Underfull \hbox (badness 10000) in paragraph at lines 57--57
\OT1/cmr/m/n/10.95 in-te-ger thresh-old.
 []


Underfull \hbox (badness 10000) in paragraph at lines 57--57
\OT1/cmr/m/n/10.95 How the con-fi-
 []


Underfull \hbox (badness 10000) in paragraph at lines 57--57
\OT1/cmr/m/n/10.95 dence/green score
 []


Underfull \hbox (badness 8170) in paragraph at lines 57--57
\OT1/cmr/m/n/10.95 is com-puted from
 []


Underfull \hbox (badness 10000) in paragraph at lines 57--57
\OT1/cmr/m/n/10.95 the model out-put
 []


Underfull \hbox (badness 8075) in paragraph at lines 57--57
\OT1/cmr/m/n/10.95 is never spec-i-fied.
 []


Underfull \hbox (badness 1178) in paragraph at lines 57--57
\OT1/cmr/m/n/10.95 mula and show its
 []


Underfull \hbox (badness 2903) in paragraph at lines 57--58
[]|\OT1/cmr/m/n/10.95 Section I, Sec-
 []


Underfull \hbox (badness 3547) in paragraph at lines 60--60
\OT1/cmr/m/n/10.95 a prop-erty of the
 []


Underfull \hbox (badness 4543) in paragraph at lines 60--60
\OT1/cmr/m/n/10.95 model. Com-pare
 []


Underfull \hbox (badness 5652) in paragraph at lines 60--60
\OT1/cmr/m/n/10.95 un-der LR vs the
 []


Underfull \hbox (badness 2253) in paragraph at lines 60--60
\OT1/cmr/m/n/10.95 pro-posed model vs
 []


Underfull \hbox (badness 1320) in paragraph at lines 60--60
\OT1/cmr/m/n/10.95 With-out that com-
 []


Underfull \hbox (badness 1147) in paragraph at lines 60--60
\OT1/cmr/m/n/10.95 par-i-son the 68.26%
 []


Underfull \hbox (badness 1097) in paragraph at lines 60--60
\OT1/cmr/m/n/10.95 (iden-ti-cal); Per-fect fore-sight: 290
 []


Underfull \hbox (badness 10000) in paragraph at lines 60--61
[]|\OT1/cmr/m/n/10.95 Section VII-C,
 []


Underfull \hbox (badness 6316) in paragraph at lines 63--63
\OT1/cmr/m/n/10.95 con-sis-tent through-
 []


Underfull \hbox (badness 10000) in paragraph at lines 63--63
\OT1/cmr/m/n/10.95 out: ``resid-ual
 []


Underfull \hbox (badness 10000) in paragraph at lines 63--63
\OT1/cmr/m/n/10.95 decomposition-based
 []


Underfull \hbox (badness 10000) in paragraph at lines 63--63
\OT1/cmr/m/n/10.95 model,'' ``Hy-brid
 []


Underfull \hbox (badness 10000) in paragraph at lines 63--63
\OT1/cmr/m/n/10.95 Error-Correction,''
 []


Underfull \hbox (badness 10000) in paragraph at lines 63--63
\OT1/cmr/m/n/10.95 ``Hy-brid
 []


Underfull \hbox (badness 10000) in paragraph at lines 63--63
\OT1/cmr/m/n/10.95 (LR+BiLSTM)''
 []


Underfull \hbox (badness 10000) in paragraph at lines 63--63
\OT1/cmr/m/n/10.95 ``Pro-posed (resid-
 []


Underfull \hbox (badness 4739) in paragraph at lines 63--63
\OT1/cmr/m/n/10.95 ual).'' Pick one
 []


Underfull \hbox (badness 1946) in paragraph at lines 63--63
\OT1/cmr/m/n/10.95 ery-where, in-clud-ing
 []


Underfull \hbox (badness 1221) in paragraph at lines 63--64
[]|\OT1/cmr/m/n/10.95 Throughout en-
 []


Underfull \hbox (badness 6204) in paragraph at lines 66--66
\OT1/cmr/m/n/10.95 to rec-on-cile: the
 []


Underfull \hbox (badness 10000) in paragraph at lines 66--66
\OT1/cmr/m/n/10.95 stan-dalone BiL-
 []


Underfull \hbox (badness 10000) in paragraph at lines 66--66
\OT1/cmr/m/n/10.95 STM ap-pears as
 []


Underfull \hbox (badness 10000) in paragraph at lines 66--66
\OT1/cmr/m/n/10.95 RMSE 0.0256 in
 []


Underfull \hbox (badness 10000) in paragraph at lines 66--66
\OT1/cmr/m/n/10.95 EA-BiLSTM v1
 []


Underfull \hbox (badness 10000) in paragraph at lines 66--66
\OT1/cmr/m/n/10.95 is 0.0210 in Ta-
 []


Underfull \hbox (badness 10000) in paragraph at lines 66--66
\OT1/cmr/m/n/10.95 bles 5/10---clarify
 []


Underfull \hbox (badness 6792) in paragraph at lines 66--66
\OT1/cmr/m/n/10.95 whether these are
 []


Underfull \hbox (badness 10000) in paragraph at lines 66--66
\OT1/cmr/m/n/10.95 the same model.
 []


Underfull \hbox (badness 10000) in paragraph at lines 66--66
\OT1/cmr/m/n/10.95 pre-ci-sion dis-crep-
 []


Underfull \hbox (badness 5726) in paragraph at lines 66--66
\OT1/cmr/m/n/10.95 ancy. Val-i-da-tion
 []


Underfull \hbox (badness 2635) in paragraph at lines 66--66
[]|\OT1/cmr/m/n/10.95 Reconciled: (1) Stan-dalone BiL-
 []


Underfull \hbox (badness 7099) in paragraph at lines 66--67
[]|\OT1/cmr/m/n/10.95 Tables V, VI,
 []


Underfull \hbox (badness 2903) in paragraph at lines 66--67
\OT1/cmr/m/n/10.95 IX, X; Sec-tion
 []


Underfull \hbox (badness 1424) in paragraph at lines 69--69
\OT1/cmr/m/n/10.95 hourly val-ues (typ-
 []


Underfull \hbox (badness 2903) in paragraph at lines 69--70
[]|\OT1/cmr/m/n/10.95 Section I, Sec-
 []


Underfull \hbox (badness 1281) in paragraph at lines 72--72
[]|\OT1/cmr/m/n/10.95 The re-ported near-
 []


Underfull \hbox (badness 10000) in paragraph at lines 72--72
\OT1/cmr/m/n/10.95 mean (``ap-prox-i-
 []


Underfull \hbox (badness 10000) in paragraph at lines 72--72
\OT1/cmr/m/n/10.95 mately 0.000000'')
 []


Underfull \hbox (badness 6078) in paragraph at lines 72--72
\OT1/cmr/m/n/10.95 is a math-e-mat-i-cal
 []


Underfull \hbox (badness 10000) in paragraph at lines 72--72
\OT1/cmr/m/n/10.95 prop-erty of OLS
 []


Underfull \hbox (badness 10000) in paragraph at lines 72--72
\OT1/cmr/m/n/10.95 resid-u-als, not an
 []


Underfull \hbox (badness 10000) in paragraph at lines 72--72
\OT1/cmr/m/n/10.95 em-pir-i-cal find-ing;
 []


Underfull \hbox (badness 10000) in paragraph at lines 72--72
\OT1/cmr/m/n/10.95 pre-sent-ing it as
 []


Underfull \hbox (badness 10000) in paragraph at lines 72--72
\OT1/cmr/m/n/10.95 ev-i-dence is not
 []


Underfull \hbox (badness 5787) in paragraph at lines 72--73
[]|\OT1/cmr/m/n/10.95 Former Sec-tion
 []


Underfull \hbox (badness 10000) in paragraph at lines 75--75
[]|\OT1/cmr/m/n/10.95 Heading typo:
 []


Underfull \hbox (badness 10000) in paragraph at lines 75--75
\OT1/cmr/m/n/10.95 ``REASEARCH
 []


Underfull \hbox (badness 10000) in paragraph at lines 75--75
\OT1/cmr/m/n/10.95 GAPS'' (Sec-tion
 []


Underfull \hbox (badness 3375) in paragraph at lines 75--75
\OT1/cmr/m/n/10.95 II-F). Sev-eral cap-
 []


Underfull \hbox (badness 10000) in paragraph at lines 75--75
\OT1/cmr/m/n/10.95 i-tal-iza-tion is-sues
 []


Underfull \hbox (badness 10000) in paragraph at lines 75--75
\OT1/cmr/m/n/10.95 per-sist through-
 []


Underfull \hbox (badness 10000) in paragraph at lines 75--75
\OT1/cmr/m/n/10.95 out (lstm/LSTM,
 []


Underfull \hbox (badness 10000) in paragraph at lines 75--75
\OT1/cmr/m/n/10.95 bil-stm/BiLSTM,
 []


Underfull \hbox (badness 10000) in paragraph at lines 75--75
\OT1/cmr/m/n/10.95 ``SE-QUENCE
 []


Underfull \hbox (badness 10000) in paragraph at lines 75--75
\OT1/cmr/m/n/10.95 tion,'' ``MOD-ELS''
 []


Underfull \hbox (badness 10000) in paragraph at lines 75--76
[]|\OT1/cmr/m/n/10.95 Throughout
 []

ignored error: Infinite glue shrinkage found in box being split [1

{C:/Users/abhis/AppData/Local/MiKTeX/fonts/map/pdftex/pdftex.map}]
ignored error: Infinite glue shrinkage found in box being split [2]
ignored error: Infinite glue shrinkage found in box being split [3]
ignored error: Infinite glue shrinkage found in box being split [4]
Overfull \hbox (11.01355pt too wide) in paragraph at lines 92--92
[]|\OT1/cmr/bx/n/10.95 Comment
 []


Underfull \hbox (badness 10000) in paragraph at lines 92--92
[]|\OT1/cmr/bx/n/10.95 Reviewer Com-
 []


Underfull \hbox (badness 10000) in paragraph at lines 92--93
[]|\OT1/cmr/bx/n/10.95 Location
 []


Underfull \hbox (badness 10000) in paragraph at lines 92--93
\OT1/cmr/bx/n/10.95 in Re-vised
 []


Overfull \hbox (11.01355pt too wide) in paragraph at lines 96--96
[]|\OT1/cmr/bx/n/10.95 Comment
 []


Underfull \hbox (badness 10000) in paragraph at lines 96--96
[]|\OT1/cmr/bx/n/10.95 Reviewer Com-
 []


Underfull \hbox (badness 10000) in paragraph at lines 96--97
[]|\OT1/cmr/bx/n/10.95 Location
 []


Underfull \hbox (badness 10000) in paragraph at lines 96--97
\OT1/cmr/bx/n/10.95 in Re-vised
 []


Underfull \hbox (badness 10000) in paragraph at lines 100--100
[]|\OT1/cmr/m/n/10.95 Please clar-ify the
 []


Underfull \hbox (badness 10000) in paragraph at lines 100--100
\OT1/cmr/m/n/10.95 fore-cast con-fi-dence
 []


Underfull \hbox (badness 10000) in paragraph at lines 100--100
\OT1/cmr/m/n/10.95 0--100 or 0--10000
 []


Underfull \hbox (badness 3514) in paragraph at lines 100--100
\OT1/cmr/m/n/10.95 scale used by the
 []


Underfull \hbox (badness 1540) in paragraph at lines 100--100
\OT1/cmr/m/n/10.95 de-fined: $\OML/cmm/m/it/10.95 PGS[] \OT1/cmr/m/n/10.95 = []
(10000 \OMS/cmsy/m/n/10.95 ^^A
 []


Underfull \hbox (badness 1117) in paragraph at lines 100--100
\OT1/cmr/m/n/10.95 We clar-ify this is a de-ter-min-is-tic
 []


Underfull \hbox (badness 2903) in paragraph at lines 100--101
[]|\OT1/cmr/m/n/10.95 Section I, Sec-
 []


Underfull \hbox (badness 1270) in paragraph at lines 103--103
\OT1/cmr/m/n/10.95 and Lin-ear Re-gres-
 []


Underfull \hbox (badness 10000) in paragraph at lines 103--103
\OT1/cmr/m/n/10.95 sion have al-most
 []


Underfull \hbox (badness 10000) in paragraph at lines 103--103
\OT1/cmr/m/n/10.95 iden-ti-cal global
 []


Underfull \hbox (badness 2903) in paragraph at lines 103--103
\OT1/cmr/m/n/10.95 RMSE, MAE, and
 []


Underfull \hbox (badness 1028) in paragraph at lines 103--103
\OML/cmm/m/it/10.95 R[]$ \OT1/cmr/m/n/10.95 val-ues. Please
 []


Underfull \hbox (badness 5622) in paragraph at lines 103--103
\OT1/cmr/m/n/10.95 state more clearly
 []


Underfull \hbox (badness 1147) in paragraph at lines 103--103
\OT1/cmr/m/n/10.95 is mainly im-proved
 []


Underfull \hbox (badness 10000) in paragraph at lines 103--103
\OT1/cmr/m/n/10.95 peak-period and
 []


Underfull \hbox (badness 10000) in paragraph at lines 103--103
\OT1/cmr/m/n/10.95 nonlinear-region
 []


Underfull \hbox (badness 1117) in paragraph at lines 103--103
\OT1/cmr/m/n/10.95 be-hav-ior, not large
 []


Underfull \hbox (badness 10000) in paragraph at lines 103--103
\OT1/cmr/m/n/10.95 im-prove-ment in
 []


Underfull \hbox (badness 2617) in paragraph at lines 103--103
[]|\OT1/cmr/m/n/10.95 Revised manuscript clearly states
 []


Underfull \hbox (badness 10000) in paragraph at lines 103--104
[]|\OT1/cmr/m/n/10.95 Abstract, Sec-
 []


Underfull \hbox (badness 10000) in paragraph at lines 103--104
\OT1/cmr/m/n/10.95 tion VI-A,
 []


Underfull \hbox (badness 3128) in paragraph at lines 103--104
\OT1/cmr/m/n/10.95 Sec-tion VIII-A,
 []


Underfull \hbox (badness 10000) in paragraph at lines 106--106
[]|\OT1/cmr/m/n/10.95 Please re-duce re-
 []


Underfull \hbox (badness 1062) in paragraph at lines 106--106
\OT1/cmr/m/n/10.95 peated ex-pla-na-tions
 []


Underfull \hbox (badness 10000) in paragraph at lines 106--106
\OT1/cmr/m/n/10.95 in Sec-tions VI
 []


Underfull \hbox (badness 10000) in paragraph at lines 106--106
\OT1/cmr/m/n/10.95 and VII. Some
 []


Underfull \hbox (badness 10000) in paragraph at lines 106--106
\OT1/cmr/m/n/10.95 para-graphs about
 []


Underfull \hbox (badness 7486) in paragraph at lines 106--106
\OT1/cmr/m/n/10.95 peak-period RMSE
 []


Underfull \hbox (badness 10000) in paragraph at lines 106--106
\OT1/cmr/m/n/10.95 and schedul-ing
 []


Underfull \hbox (badness 2717) in paragraph at lines 106--106
\OT1/cmr/m/n/10.95 im-por-tance are re-
 []


Underfull \hbox (badness 10000) in paragraph at lines 106--106
[]|\OT1/cmr/m/n/10.95 Redundant ex-pla-na-tions con-sol-i-
 []


Underfull \hbox (badness 6575) in paragraph at lines 106--106
\OT1/cmr/m/n/10.95 Schedul-ing in-ter-pre-ta-tion ap-pears
 []


Underfull \hbox (badness 8113) in paragraph at lines 106--106
\OT1/cmr/m/n/10.95 once in Sec-tion VII-C with-out
 []


Underfull \hbox (badness 10000) in paragraph at lines 109--109
\OT1/cmr/m/n/10.95 de-tail about the
 []


Underfull \hbox (badness 10000) in paragraph at lines 109--109
\OT1/cmr/m/n/10.95 blockchain pro-
 []


Underfull \hbox (badness 10000) in paragraph at lines 109--109
\OT1/cmr/m/n/10.95 to-type, in-clud-ing
 []


Underfull \hbox (badness 10000) in paragraph at lines 109--109
\OT1/cmr/m/n/10.95 whether gas cost,
 []


Underfull \hbox (badness 1472) in paragraph at lines 109--109
\OT1/cmr/m/n/10.95 la-tency, and trans-
 []


Underfull \hbox (badness 4467) in paragraph at lines 109--109
\OT1/cmr/m/n/10.95 ac-tion con-fir-ma-tion
 []


Underfull \hbox (badness 10000) in paragraph at lines 109--109
\OT1/cmr/m/n/10.95 or only dis-cussed
 []


Underfull \hbox (badness 10000) in paragraph at lines 109--110
[]|\OT1/cmr/m/n/10.95 Section VII-G
 []


Underfull \hbox (badness 10000) in paragraph at lines 109--110
\OT1/cmr/m/n/10.95 (new), Ta-bles
 []

ignored error: Infinite glue shrinkage found in box being split [5]
Overfull \hbox (11.01355pt too wide) in paragraph at lines 126--126
[]|\OT1/cmr/bx/n/10.95 Comment
 []


Underfull \hbox (badness 10000) in paragraph at lines 126--126
[]|\OT1/cmr/bx/n/10.95 Reviewer Com-
 []


Underfull \hbox (badness 10000) in paragraph at lines 126--127
[]|\OT1/cmr/bx/n/10.95 Location
 []


Underfull \hbox (badness 10000) in paragraph at lines 126--127
\OT1/cmr/bx/n/10.95 in Re-vised
 []


Overfull \hbox (11.01355pt too wide) in paragraph at lines 130--130
[]|\OT1/cmr/bx/n/10.95 Comment
 []


Underfull \hbox (badness 10000) in paragraph at lines 130--130
[]|\OT1/cmr/bx/n/10.95 Reviewer Com-
 []


Underfull \hbox (badness 10000) in paragraph at lines 130--131
[]|\OT1/cmr/bx/n/10.95 Location
 []


Underfull \hbox (badness 10000) in paragraph at lines 130--131
\OT1/cmr/bx/n/10.95 in Re-vised
 []


Underfull \hbox (badness 10000) in paragraph at lines 134--134
[]|\OT1/cmr/m/n/10.95 Please pro-vide
 []


Underfull \hbox (badness 10000) in paragraph at lines 134--134
\OT1/cmr/m/n/10.95 stronger ev-i-dence
 []


Underfull \hbox (badness 10000) in paragraph at lines 134--134
\OT1/cmr/m/n/10.95 demon-strat-ing the
 []


Underfull \hbox (badness 10000) in paragraph at lines 134--134
\OT1/cmr/m/n/10.95 ad-van-tage of the
 []


Underfull \hbox (badness 2698) in paragraph at lines 134--134
\OT1/cmr/m/n/10.95 the Lin-ear Re-gres-
 []


Underfull \hbox (badness 10000) in paragraph at lines 134--134
\OT1/cmr/m/n/10.95 sion base-line, as
 []


Underfull \hbox (badness 10000) in paragraph at lines 134--134
\OT1/cmr/m/n/10.95 mance dif-fer-ences
 []


Underfull \hbox (badness 4378) in paragraph at lines 134--134
[]|\OT1/cmr/m/n/10.95 We pro-vide trans-par-ent ev-i-dence
 []


Underfull \hbox (badness 1466) in paragraph at lines 134--134
\OT1/cmr/m/n/10.95 sig-nif-i-cance test-ing. The Hy-brid
 []


Underfull \hbox (badness 10000) in paragraph at lines 134--135
[]|\OT1/cmr/m/n/10.95 Abstract, Sec-
 []


Underfull \hbox (badness 10000) in paragraph at lines 137--137
[]|\OT1/cmr/m/n/10.95 Include sta-tis-ti-cal
 []


Underfull \hbox (badness 10000) in paragraph at lines 137--137
\OT1/cmr/m/n/10.95 sig-nif-i-cance anal-y-
 []


Underfull \hbox (badness 2600) in paragraph at lines 137--137
\OT1/cmr/m/n/10.95 sis (e.g., Wilcoxon
 []


Underfull \hbox (badness 10000) in paragraph at lines 137--137
[]|\OT1/cmr/m/n/10.95 Diebold--Mariano (DM) test
 []


Underfull \hbox (badness 10000) in paragraph at lines 137--137
\OT1/cmr/m/n/10.95 conducted---the stan-dard sig-nif-i-
 []


Underfull \hbox (badness 10000) in paragraph at lines 137--138
[]|\OT1/cmr/m/n/10.95 Section VI-D,
 []


Underfull \hbox (badness 10000) in paragraph at lines 140--140
[]|\OT1/cmr/m/n/10.95 Strengthen the
 []


Underfull \hbox (badness 10000) in paragraph at lines 140--140
\OT1/cmr/m/n/10.95 blockchain con-tri-
 []


Underfull \hbox (badness 10000) in paragraph at lines 140--140
\OT1/cmr/m/n/10.95 quan-ti-ta-tive eval-
 []


Underfull \hbox (badness 4036) in paragraph at lines 140--140
\OT1/cmr/m/n/10.95 u-a-tion and clearer
 []


Underfull \hbox (badness 7667) in paragraph at lines 140--140
\OT1/cmr/m/n/10.95 jus-ti-fi-ca-tion of its
 []


Underfull \hbox (badness 1303) in paragraph at lines 140--140
[]|\OT1/cmr/m/n/10.95 Fully eval-u-ated So-lid-ity pro-to-type
 []


Underfull \hbox (badness 2326) in paragraph at lines 140--140
\OT1/cmr/m/n/10.95 with 12-module test-ing suite (62
 []


Underfull \hbox (badness 1226) in paragraph at lines 140--140
\OT1/cmr/m/n/10.95 1s/3s/5s in-ter-vals, 100% hash in-
 []


Underfull \hbox (badness 10000) in paragraph at lines 140--141
[]|\OT1/cmr/m/n/10.95 Section VII-G,
 []


Underfull \hbox (badness 10000) in paragraph at lines 140--141
\OT1/cmr/m/n/10.95 Ta-bles XII--
 []


Underfull \hbox (badness 10000) in paragraph at lines 140--141
\OT1/cmr/m/n/10.95 XVII, Ta-ble
 []


Underfull \hbox (badness 6078) in paragraph at lines 143--143
[]|\OT1/cmr/m/n/10.95 Compare the pro-
 []


Underfull \hbox (badness 10000) in paragraph at lines 143--143
\OT1/cmr/m/n/10.95 re-cent state-of-
 []


Underfull \hbox (badness 10000) in paragraph at lines 143--143
\OT1/cmr/m/n/10.95 the-art fore-cast-ing
 []


Underfull \hbox (badness 10000) in paragraph at lines 143--143
\OT1/cmr/m/n/10.95 mod-els to bet-ter
 []


Underfull \hbox (badness 4353) in paragraph at lines 143--143
\OT1/cmr/m/n/10.95 out-per-forms all stan-dalone deep-
 []


Underfull \hbox (badness 3954) in paragraph at lines 143--144
\OT1/cmr/m/n/10.95 ble V, Sec-tion
 []


Underfull \hbox (badness 10000) in paragraph at lines 146--146
[]|\OT1/cmr/m/n/10.95 Revise the
 []


Underfull \hbox (badness 10000) in paragraph at lines 146--146
\OT1/cmr/m/n/10.95 lan-guage qual-ity,
 []


Underfull \hbox (badness 4429) in paragraph at lines 146--146
\OT1/cmr/m/n/10.95 as sev-eral sec-tions
 []


Underfull \hbox (badness 10000) in paragraph at lines 146--146
\OT1/cmr/m/n/10.95 con-tain rep-e-ti-tion
 []


Underfull \hbox (badness 1173) in paragraph at lines 146--146
\OT1/cmr/m/n/10.95 and overly de-tailed
 []


Underfull \hbox (badness 10000) in paragraph at lines 146--147
[]|\OT1/cmr/m/n/10.95 Throughout
 []

ignored error: Infinite glue shrinkage found in box being split [6]
Overfull \hbox (5.42268pt too wide) in paragraph at lines 163--163
[]|\OT1/cmr/bx/n/10.95 No.| 
 []


Overfull \hbox (5.42268pt too wide) in paragraph at lines 167--167
[]|\OT1/cmr/bx/n/10.95 No.| 
 []


Underfull \hbox (badness 10000) in paragraph at lines 171--172
[]|\OT1/cmr/m/n/10.95 Section VIII-
 []


Underfull \hbox (badness 10000) in paragraph at lines 174--174
[]|\OT1/cmr/m/n/10.95 Comprehensive
 []


Underfull \hbox (badness 10000) in paragraph at lines 174--174
\OT1/cmr/m/n/10.95 Blockchain Test-ing
 []


Underfull \hbox (badness 10000) in paragraph at lines 174--175
[]|\OT1/cmr/m/n/10.95 Section VII-
 []


Underfull \hbox (badness 10000) in paragraph at lines 174--175
\OT1/cmr/m/n/10.95 G, Ta-bles
 []


Underfull \hbox (badness 10000) in paragraph at lines 177--178
[]|\OT1/cmr/m/n/10.95 Section VIII-
 []


Underfull \hbox (badness 10000) in paragraph at lines 183--183
[]|\OT1/cmr/m/n/10.95 Naming Stan-dard-
 []


Underfull \hbox (badness 1895) in paragraph at lines 183--183
[]|\OT1/cmr/m/n/10.95 All model ref-er-ences uni-fied to ``Hy-brid
 []


Underfull \hbox (badness 10000) in paragraph at lines 186--186
[]|\OT1/cmr/m/n/10.95 Blockchain Scope
 []


Underfull \hbox (badness 1048) in paragraph at lines 186--186
[]|\OT1/cmr/m/n/10.95 Explicit state-ments added that con-fir-ma-
 []


Underfull \hbox (badness 2452) in paragraph at lines 186--186
\OT1/cmr/m/n/10.95 tion times are lo-cal Hard-hat au-tomine;
 []


Underfull \hbox (badness 5681) in paragraph at lines 189--189
\OT1/cmr/m/n/10.95 re-move mis-lead-ing claims, and in-clude
 []

[7] [8] (response_to_reviewers.aux)
 ***********
LaTeX2e <2025-11-01>
L3 programming layer <2025-12-24>
 ***********
Package rerunfilecheck Info: File `response_to_reviewers.out' has not changed.
(rerunfilecheck)             Checksum: D41D8CD98F00B204E9800998ECF8427E;0.
 ) 
Here is how much of TeX's memory you used:
 10840 strings out of 467871
 165065 string characters out of 5418376
 623375 words of memory out of 5000000
 39596 multiletter control sequences out of 15000+600000
 633887 words of font info for 63 fonts, out of 8000000 for 9000
 1141 hyphenation exceptions out of 8191
 75i,9n,79p,959b,578s stack positions out of 10000i,1000n,20000p,200000b,200000s
<C:/Users/abhis/AppData/Local/Programs/MiKTeX/fonts/type1/public/amsfonts/cm/
cmbx10.pfb><C:/Users/abhis/AppData/Local/Programs/MiKTeX/fonts/type1/public/ams
fonts/cm/cmbx12.pfb><C:/Users/abhis/AppData/Local/Programs/MiKTeX/fonts/type1/p
ublic/amsfonts/cm/cmmi10.pfb><C:/Users/abhis/AppData/Local/Programs/MiKTeX/font
s/type1/public/amsfonts/cm/cmmi8.pfb><C:/Users/abhis/AppData/Local/Programs/MiK
TeX/fonts/type1/public/amsfonts/cm/cmr10.pfb><C:/Users/abhis/AppData/Local/Prog
rams/MiKTeX/fonts/type1/public/amsfonts/cm/cmr8.pfb><C:/Users/abhis/AppData/Loc
al/Programs/MiKTeX/fonts/type1/public/amsfonts/cm/cmsy10.pfb><C:/Users/abhis/Ap
pData/Local/Programs/MiKTeX/fonts/type1/public/amsfonts/symbols/msbm10.pfb>
Output written on response_to_reviewers.pdf (8 pages, 120162 bytes).
PDF statistics:
 88 PDF objects out of 1000 (max. 8388607)
 13 named destinations out of 1000 (max. 500000)
 1 words of extra memory for PDF output out of 10000 (max. 10000000)

